2023-04-09 13:42:47.143 ---  *** Starting program geogrid.exe ***
2023-04-09 13:42:47.143 --- Using the following namelist variables:
2023-04-09 13:42:47.143 --- &SHARE
2023-04-09 13:42:47.143 ---   WRF_CORE         = ARW
2023-04-09 13:42:47.143 ---   MAX_DOM          = 2
2023-04-09 13:42:47.143 ---   START_YEAR       = 0
2023-04-09 13:42:47.143 ---                    = 0
2023-04-09 13:42:47.143 ---   START_MONTH      = 0
2023-04-09 13:42:47.143 ---                    = 0
2023-04-09 13:42:47.143 ---   START_DAY        = 0
2023-04-09 13:42:47.143 ---                    = 0
2023-04-09 13:42:47.143 ---   START_HOUR       = 0
2023-04-09 13:42:47.143 ---                    = 0
2023-04-09 13:42:47.143 ---   START_MINUTE     = 0
2023-04-09 13:42:47.143 ---                    = 0
2023-04-09 13:42:47.143 ---   START_SECOND     = 0
2023-04-09 13:42:47.143 ---                    = 0
2023-04-09 13:42:47.143 ---   END_YEAR         = 0
2023-04-09 13:42:47.143 ---                    = 0
2023-04-09 13:42:47.143 ---   END_MONTH        = 0
2023-04-09 13:42:47.143 ---                    = 0
2023-04-09 13:42:47.143 ---   END_DAY          = 0
2023-04-09 13:42:47.143 ---                    = 0
2023-04-09 13:42:47.143 ---   END_HOUR         = 0
2023-04-09 13:42:47.143 ---                    = 0
2023-04-09 13:42:47.144 ---   END_MINUTE       = 0
2023-04-09 13:42:47.144 ---                    = 0
2023-04-09 13:42:47.144 ---   END_SECOND       = 0
2023-04-09 13:42:47.144 ---                    = 0
2023-04-09 13:42:47.144 ---   START_DATE       = 2019-09-04_12:00:00
2023-04-09 13:42:47.144 ---                    = 2019-09-04_12:00:00
2023-04-09 13:42:47.144 ---   END_DATE         = 2019-09-06_00:00:00
2023-04-09 13:42:47.144 ---                    = 2019-09-04_12:00:00
2023-04-09 13:42:47.144 ---   INTERVAL_SECONDS = 10800
2023-04-09 13:42:47.144 ---   IO_FORM_GEOGRID  = 2
2023-04-09 13:42:47.144 ---   OPT_OUTPUT_FROM_GEOGRID_PATH = ./
2023-04-09 13:42:47.144 ---   SUBGRID_RATIO_X  = 1
2023-04-09 13:42:47.144 ---                    = 1
2023-04-09 13:42:47.144 ---   SUBGRID_RATIO_Y  = 1
2023-04-09 13:42:47.144 ---                    = 1
2023-04-09 13:42:47.144 ---   DEBUG_LEVEL      = 0
2023-04-09 13:42:47.144 ---   ACTIVE_GRID      = .TRUE.
2023-04-09 13:42:47.144 ---                    = .TRUE.
2023-04-09 13:42:47.144 ---   NOCOLONS         = .FALSE.
2023-04-09 13:42:47.144 --- /
2023-04-09 13:42:47.144 --- &GEOGRID
2023-04-09 13:42:47.144 ---   PARENT_ID         = 1
2023-04-09 13:42:47.144 ---                     = 1
2023-04-09 13:42:47.144 ---   PARENT_GRID_RATIO = 1
2023-04-09 13:42:47.144 ---                     = 3
2023-04-09 13:42:47.144 ---   I_PARENT_START    = 1
2023-04-09 13:42:47.144 ---                     = 53
2023-04-09 13:42:47.144 ---   J_PARENT_START    = 1
2023-04-09 13:42:47.144 ---                     = 25
2023-04-09 13:42:47.144 ---   S_WE              = 1
2023-04-09 13:42:47.144 ---                     = 1
2023-04-09 13:42:47.144 ---   E_WE              = 150
2023-04-09 13:42:47.144 ---                     = 220
2023-04-09 13:42:47.144 ---   S_SN              = 1
2023-04-09 13:42:47.144 ---                     = 1
2023-04-09 13:42:47.144 ---   E_SN              = 130
2023-04-09 13:42:47.144 ---                     = 214
2023-04-09 13:42:47.144 ---   GEOG_DATA_RES     = default
2023-04-09 13:42:47.144 ---                     = default
2023-04-09 13:42:47.144 ---   DX                = 15000.000000
2023-04-09 13:42:47.144 ---   DY                = 15000.000000
2023-04-09 13:42:47.144 ---   MAP_PROJ          = lambert
2023-04-09 13:42:47.144 ---   POLE_LAT          = 90.000000
2023-04-09 13:42:47.144 ---   POLE_LON          = 0.000000
2023-04-09 13:42:47.144 ---   REF_LAT           = 33.000000
2023-04-09 13:42:47.144 ---   REF_LON           = -79.000000
2023-04-09 13:42:47.145 ---   REF_X             = 100000002004087734272.000000
2023-04-09 13:42:47.145 ---   REF_Y             = 100000002004087734272.000000
2023-04-09 13:42:47.145 ---   TRUELAT1          = 30.000000
2023-04-09 13:42:47.145 ---   TRUELAT2          = 60.000000
2023-04-09 13:42:47.145 ---   STAND_LON         = -79.000000
2023-04-09 13:42:47.145 ---   GEOG_DATA_PATH    = /glade/work/wrfhelp/WPS_GEOG/
2023-04-09 13:42:47.145 ---   OPT_GEOGRID_TBL_PATH = geogrid/
2023-04-09 13:42:47.145 --- /
2023-04-09 13:42:47.155 --- Processing domain 1 of 2
2023-04-09 13:42:47.155 --- INFORM: Using default interpolator sequence for HGT_M.
2023-04-09 13:42:47.155 --- INFORM: Using default data source for HGT_M.
2023-04-09 13:42:47.155 --- ERROR: Could not open /glade/work/wrfhelp/WPS_GEOG/topo_gmted2010_30s/index
